<?xml version="1.0" encoding="UTF-8"?>
<testng-results skipped="0" failed="0" ignored="0" total="2" passed="2">
  <reporter-output>
  </reporter-output>
  <suite name="Suite" duration-ms="50" started-at="2022-05-01T00:06:29 IST" finished-at="2022-05-01T00:06:29 IST">
    <groups>
    </groups>
    <test name="Test" duration-ms="50" started-at="2022-05-01T00:06:29 IST" finished-at="2022-05-01T00:06:29 IST">
      <class name="package3.TestNGClass2">
        <test-method status="PASS" signature="m2()[pri:0, instance:package3.TestNGClass2@7d0587f1]" name="m2" duration-ms="1" started-at="2022-05-01T00:06:29 IST" finished-at="2022-05-01T00:06:29 IST">
          <reporter-output>
          </reporter-output>
        </test-method> <!-- m2 -->
      </class> <!-- package3.TestNGClass2 -->
      <class name="package3.TestNGClass1">
        <test-method status="PASS" signature="m1()[pri:0, instance:package3.TestNGClass1@1efed156]" name="m1" duration-ms="8" started-at="2022-05-01T00:06:29 IST" finished-at="2022-05-01T00:06:29 IST">
          <reporter-output>
          </reporter-output>
        </test-method> <!-- m1 -->
      </class> <!-- package3.TestNGClass1 -->
    </test> <!-- Test -->
  </suite> <!-- Suite -->
</testng-results>
